<?xml version="1.0" encoding="UTF-8"?>
<testng-results skipped="0" failed="1" ignored="0" total="1" passed="0">
  <reporter-output>
    <line>
      <![CDATA[Default test Test Runner Started ]]>
    </line>
    <line>
      <![CDATA[LoginPage is Displayed]]>
    </line>
    <line>
      <![CDATA[createCampaign Started ]]>
    </line>
    <line>
      <![CDATA[Home page is Displayed]]>
    </line>
    <line>
      <![CDATA[Display custom view details Page is Displayed]]>
    </line>
    <line>
      <![CDATA[ Create Promote Page is Displayed]]>
    </line>
    <line>
      <![CDATA[createCampaign Failed ]]>
    </line>
  </reporter-output>
  <suite name="Default suite" duration-ms="28221" started-at="2021-05-26T13:38:27 IST" finished-at="2021-05-26T13:38:55 IST">
    <groups>
    </groups>
    <test name="Default test" duration-ms="28221" started-at="2021-05-26T13:38:27 IST" finished-at="2021-05-26T13:38:55 IST">
      <class name="com.x2crm.promote.ValidCreatePromote">
        <test-method status="PASS" signature="openBrowser()[pri:0, instance:com.x2crm.promote.ValidCreatePromote@1060b431]" name="openBrowser" is-config="true" duration-ms="13347" started-at="2021-05-26T13:38:27 IST" finished-at="2021-05-26T13:38:41 IST">
          <reporter-output>
            <line>
              <![CDATA[LoginPage is Displayed]]>
            </line>
          </reporter-output>
        </test-method> <!-- openBrowser -->
        <test-method status="FAIL" signature="createCampaign()[pri:0, instance:com.x2crm.promote.ValidCreatePromote@1060b431]" name="createCampaign" duration-ms="14405" started-at="2021-05-26T13:38:41 IST" finished-at="2021-05-26T13:38:55 IST">
          <exception class="java.lang.AssertionError">
            <message>
              <![CDATA[expected [Zoho CRM - Campaign Details] but found [Zoho CRM - Create Campaign]]]>
            </message>
            <full-stacktrace>
              <![CDATA[java.lang.AssertionError: expected [Zoho CRM - Campaign Details] but found [Zoho CRM - Create Campaign]
at org.testng.Assert.fail(Assert.java:97)
at org.testng.Assert.assertEqualsImpl(Assert.java:136)
at org.testng.Assert.assertEquals(Assert.java:118)
at org.testng.Assert.assertEquals(Assert.java:575)
at org.testng.Assert.assertEquals(Assert.java:585)
at com.x2crm.genericlib.WebDriverCommonLib.verify(WebDriverCommonLib.java:24)
at com.x2crm.promote.ValidCreatePromote.createCampaign(ValidCreatePromote.java:37)
at sun.reflect.NativeMethodAccessorImpl.invoke0(Native Method)
at sun.reflect.NativeMethodAccessorImpl.invoke(NativeMethodAccessorImpl.java:62)
at sun.reflect.DelegatingMethodAccessorImpl.invoke(DelegatingMethodAccessorImpl.java:43)
at java.lang.reflect.Method.invoke(Method.java:498)
at org.testng.internal.MethodInvocationHelper.invokeMethod(MethodInvocationHelper.java:133)
at org.testng.internal.TestInvoker.invokeMethod(TestInvoker.java:584)
at org.testng.internal.TestInvoker.invokeTestMethod(TestInvoker.java:172)
at org.testng.internal.MethodRunner.runInSequence(MethodRunner.java:46)
at org.testng.internal.TestInvoker$MethodInvocationAgent.invoke(TestInvoker.java:804)
at org.testng.internal.TestInvoker.invokeTestMethods(TestInvoker.java:145)
at org.testng.internal.TestMethodWorker.invokeTestMethods(TestMethodWorker.java:146)
at org.testng.internal.TestMethodWorker.run(TestMethodWorker.java:128)
at java.util.ArrayList.forEach(ArrayList.java:1259)
at org.testng.TestRunner.privateRun(TestRunner.java:770)
at org.testng.TestRunner.run(TestRunner.java:591)
at org.testng.SuiteRunner.runTest(SuiteRunner.java:402)
at org.testng.SuiteRunner.runSequentially(SuiteRunner.java:396)
at org.testng.SuiteRunner.privateRun(SuiteRunner.java:355)
at org.testng.SuiteRunner.run(SuiteRunner.java:304)
at org.testng.SuiteRunnerWorker.runSuite(SuiteRunnerWorker.java:53)
at org.testng.SuiteRunnerWorker.run(SuiteRunnerWorker.java:96)
at org.testng.TestNG.runSuitesSequentially(TestNG.java:1180)
at org.testng.TestNG.runSuitesLocally(TestNG.java:1102)
at org.testng.TestNG.runSuites(TestNG.java:1032)
at org.testng.TestNG.run(TestNG.java:1000)
at org.testng.remote.AbstractRemoteTestNG.run(AbstractRemoteTestNG.java:115)
at org.testng.remote.RemoteTestNG.initAndRun(RemoteTestNG.java:251)
at org.testng.remote.RemoteTestNG.main(RemoteTestNG.java:77)
]]>
            </full-stacktrace>
          </exception> <!-- java.lang.AssertionError -->
          <reporter-output>
            <line>
              <![CDATA[createCampaign Started ]]>
            </line>
            <line>
              <![CDATA[Home page is Displayed]]>
            </line>
            <line>
              <![CDATA[Display custom view details Page is Displayed]]>
            </line>
            <line>
              <![CDATA[ Create Promote Page is Displayed]]>
            </line>
            <line>
              <![CDATA[createCampaign Failed ]]>
            </line>
          </reporter-output>
        </test-method> <!-- createCampaign -->
      </class> <!-- com.x2crm.promote.ValidCreatePromote -->
    </test> <!-- Default test -->
  </suite> <!-- Default suite -->
</testng-results>
